[debug] [2024-01-20T11:47:38.122Z] ----------------------------------------------------------------------
[debug] [2024-01-20T11:47:38.125Z] Command:       C:\Program Files\nodejs\node.exe C:\Users\avetb\AppData\Roaming\npm\node_modules\firebase-tools\lib\bin\firebase.js init
[debug] [2024-01-20T11:47:38.125Z] CLI Version:   13.0.3
[debug] [2024-01-20T11:47:38.125Z] Platform:      win32
[debug] [2024-01-20T11:47:38.126Z] Node Version:  v21.5.0
[debug] [2024-01-20T11:47:38.126Z] Time:          Sat Jan 20 2024 15:47:38 GMT+0400 (Հայաստանի ստանդարտ ժամանակ)
[debug] [2024-01-20T11:47:38.126Z] ----------------------------------------------------------------------
[debug] 
[debug] [2024-01-20T11:47:38.129Z] >>> [apiv2][query] GET https://firebase-public.firebaseio.com/cli.json [none]
[debug] [2024-01-20T11:47:38.186Z] > command requires scopes: ["email","openid","https://www.googleapis.com/auth/cloudplatformprojects.readonly","https://www.googleapis.com/auth/firebase","https://www.googleapis.com/auth/cloud-platform"]
[debug] [2024-01-20T11:47:38.186Z] > authorizing via signed-in user (avetbadalyan@gmail.com)
[info] 
     ######## #### ########  ######## ########     ###     ######  ########
     ##        ##  ##     ## ##       ##     ##  ##   ##  ##       ##
     ######    ##  ########  ######   ########  #########  ######  ######
     ##        ##  ##    ##  ##       ##     ## ##     ##       ## ##
     ##       #### ##     ## ######## ########  ##     ##  ######  ########

You're about to initialize a Firebase project in this directory:

  C:\Users\avetb\OneDrive\Bureau\Mern practice\frontend

[debug] [2024-01-20T11:47:38.698Z] <<< [apiv2][status] GET https://firebase-public.firebaseio.com/cli.json 200
[debug] [2024-01-20T11:47:38.698Z] <<< [apiv2][body] GET https://firebase-public.firebaseio.com/cli.json {"cloudBuildErrorAfter":1594252800000,"cloudBuildWarnAfter":1590019200000,"defaultNode10After":1594252800000,"minVersion":"3.0.5","node8DeploysDisabledAfter":1613390400000,"node8RuntimeDisabledAfter":1615809600000,"node8WarnAfter":1600128000000}
